<?xml version="1.0" encoding="UTF-8"?>
<testng-results ignored="0" total="2" passed="2" failed="0" skipped="0">
  <reporter-output>
  </reporter-output>
  <suite started-at="2021-04-22T09:13:56 IST" name="RegressionTest" finished-at="2021-04-22T09:13:57 IST" duration-ms="478">
    <groups>
      <group name="RegressionTest">
        <method signature="Addition.TestAddition()[pri:1, instance:QualitykioskTraining.CalculatorAPI.Addition@6f3b5d16]" name="TestAddition" class="QualitykioskTraining.CalculatorAPI.Addition"/>
        <method signature="Addition.TestAdditionWithZero()[pri:2, instance:QualitykioskTraining.CalculatorAPI.Addition@6f3b5d16]" name="TestAdditionWithZero" class="QualitykioskTraining.CalculatorAPI.Addition"/>
      </group> <!-- RegressionTest -->
    </groups>
    <test started-at="2021-04-22T09:13:56 IST" name="Addition" finished-at="2021-04-22T09:13:57 IST" duration-ms="478">
      <class name="QualitykioskTraining.CalculatorAPI.Addition">
        <test-method is-config="true" signature="InitGroups()[pri:0, instance:QualitykioskTraining.CalculatorAPI.Addition@6f3b5d16]" started-at="2021-04-22T09:13:57 IST" name="InitGroups" finished-at="2021-04-22T09:13:57 IST" duration-ms="71" status="PASS">
          <reporter-output>
          </reporter-output>
        </test-method> <!-- InitGroups -->
        <test-method signature="TestAddition()[pri:1, instance:QualitykioskTraining.CalculatorAPI.Addition@6f3b5d16]" started-at="2021-04-22T09:13:57 IST" name="TestAddition" finished-at="2021-04-22T09:13:57 IST" duration-ms="61" status="PASS">
          <reporter-output>
          </reporter-output>
        </test-method> <!-- TestAddition -->
        <test-method signature="TestAdditionWithZero()[pri:2, instance:QualitykioskTraining.CalculatorAPI.Addition@6f3b5d16]" started-at="2021-04-22T09:13:57 IST" name="TestAdditionWithZero" finished-at="2021-04-22T09:13:57 IST" duration-ms="2" status="PASS">
          <reporter-output>
          </reporter-output>
        </test-method> <!-- TestAdditionWithZero -->
      </class> <!-- QualitykioskTraining.CalculatorAPI.Addition -->
    </test> <!-- Addition -->
  </suite> <!-- RegressionTest -->
</testng-results>
