<?xml version="1.0" encoding="UTF-8"?>
<!-- Generated by org.testng.reporters.JUnitXMLReporter -->
<testsuite ignored="0" hostname="heena-Inspiron-5567" failures="0" tests="2" name="Addition Testing" time="0.156" errors="0" timestamp="2021-04-20T09:17:53 IST">
  <testcase classname="QualitykioskTraining.CalculatorAPI.Addition" name="TestAddition" time="0.025"/>
  <testcase classname="QualitykioskTraining.CalculatorAPI.Addition" name="TestAdditionWithZero" time="0.0"/>
</testsuite> <!-- Addition Testing -->
