<?xml version="1.0" encoding="UTF-8"?>
<!-- Generated by org.testng.reporters.JUnitXMLReporter -->
<testsuite ignored="0" hostname="heena-Inspiron-5567" failures="0" tests="3" name="Multiplication Testing" time="0.039" errors="0" timestamp="2021-04-20T09:17:53 IST">
  <testcase classname="QualitykioskTraining.CalculatorAPI.TestMultiplication" name="TestMultiplicationWithPositiveValues" time="0.001"/>
  <testcase classname="QualitykioskTraining.CalculatorAPI.TestMultiplication" name="TestMultiplicationWithPositiveValues" time="0.002"/>
  <testcase classname="QualitykioskTraining.CalculatorAPI.TestMultiplication" name="TestMultiplicationWithPositiveValues" time="0.003"/>
</testsuite> <!-- Multiplication Testing -->
