<?xml version="1.0" encoding="UTF-8"?>
<!-- Generated by org.testng.reporters.JUnitXMLReporter -->
<testsuite ignored="0" hostname="heena-Inspiron-5567" failures="0" tests="2" name="Subtraction Testing" time="0.012" errors="0" timestamp="2021-04-20T09:17:53 IST">
  <testcase classname="QualitykioskTraining.CalculatorAPI.TestingSubtractionTestCases" name="TestSubtractionWithPositiveNumbers" time="0.001"/>
  <testcase classname="QualitykioskTraining.CalculatorAPI.TestingSubtractionTestCases" name="TestSubtractionWith1Positive1NegativeNumbers" time="0.001"/>
</testsuite> <!-- Subtraction Testing -->
