<?xml version="1.0" encoding="UTF-8"?>
<!-- Generated by org.testng.reporters.JUnitXMLReporter -->
<testsuite ignored="0" hostname="heena-Inspiron-5567" failures="0" tests="2" name="Addition Testing" time="0.527" errors="0" timestamp="2021-04-20T09:54:55 IST">
  <testcase classname="QualitykioskTraining.CalculatorAPI.Addition" name="TestAddition" time="0.061"/>
  <testcase classname="QualitykioskTraining.CalculatorAPI.Addition" name="TestAdditionWithZero" time="0.027"/>
</testsuite> <!-- Addition Testing -->
